<?xml version="1.0" encoding="UTF-8"?>
<!-- Generated by org.testng.reporters.JUnitReportReporter -->
<testsuite hostname="HBPC-HWMBD15-003" failures="0" tests="3" name="com.example.AppTest" time="0.339" errors="0" timestamp="2024-07-31T16:32:01 CEST" skipped="0">
  <testcase classname="com.example.AppTest" name="testApp" time="0.001"/>
  <system-out/>
  <testcase classname="com.example.AppTest" name="testConvertToJson" time="0.332"/>
  <system-out/>
  <testcase classname="com.example.AppTest" name="testCapitalizeString" time="0.006"/>
  <system-out/>
</testsuite> <!-- com.example.AppTest -->
